{"/Users/harvasud/dev/hvgithub/learnjs/datastructure/linkedlist.js": {"path":"/Users/harvasud/dev/hvgithub/learnjs/datastructure/linkedlist.js","statementMap":{"0":{"start":{"line":3,"column":8},"end":{"line":3,"column":25}},"1":{"start":{"line":4,"column":8},"end":{"line":4,"column":24}},"2":{"start":{"line":8,"column":26},"end":{"line":8,"column":35}},"3":{"start":{"line":9,"column":24},"end":{"line":9,"column":61}},"4":{"start":{"line":10,"column":8},"end":{"line":10,"column":28}},"5":{"start":{"line":16,"column":8},"end":{"line":16,"column":25}},"6":{"start":{"line":17,"column":8},"end":{"line":17,"column":25}},"7":{"start":{"line":21,"column":0},"end":{"line":27,"column":2}},"8":{"start":{"line":22,"column":15},"end":{"line":22,"column":31}},"9":{"start":{"line":23,"column":4},"end":{"line":25,"column":5}},"10":{"start":{"line":23,"column":17},"end":{"line":23,"column":34}},"11":{"start":{"line":24,"column":8},"end":{"line":24,"column":35}},"12":{"start":{"line":26,"column":4},"end":{"line":26,"column":14}},"13":{"start":{"line":29,"column":0},"end":{"line":29,"column":28}}},"fnMap":{"0":{"name":"(anonymous_0)","decl":{"start":{"line":2,"column":4},"end":{"line":2,"column":5}},"loc":{"start":{"line":2,"column":19},"end":{"line":5,"column":5}},"line":2},"1":{"name":"(anonymous_1)","decl":{"start":{"line":7,"column":4},"end":{"line":7,"column":5}},"loc":{"start":{"line":7,"column":24},"end":{"line":11,"column":5}},"line":7},"2":{"name":"(anonymous_2)","decl":{"start":{"line":15,"column":4},"end":{"line":15,"column":5}},"loc":{"start":{"line":15,"column":29},"end":{"line":18,"column":5}},"line":15},"3":{"name":"(anonymous_3)","decl":{"start":{"line":21,"column":24},"end":{"line":21,"column":25}},"loc":{"start":{"line":21,"column":45},"end":{"line":27,"column":1}},"line":21}},"branchMap":{},"s":{"0":3,"1":3,"2":6,"3":6,"4":6,"5":6,"6":6,"7":1,"8":2,"9":2,"10":2,"11":4,"12":2,"13":1},"f":{"0":3,"1":6,"2":6,"3":2},"b":{},"_coverageSchema":"1a1c01bbd47fc00a2c39e90264f33305004495a9","hash":"d2698d10a388babaf8f8038b7827dc4d59fedaff"}
}
