{"/Users/harvasud/dev/hvgithub/learnjs/datastructure/linkedlist.js": {"path":"/Users/harvasud/dev/hvgithub/learnjs/datastructure/linkedlist.js","statementMap":{"0":{"start":{"line":3,"column":8},"end":{"line":3,"column":25}},"1":{"start":{"line":4,"column":8},"end":{"line":4,"column":24}},"2":{"start":{"line":21,"column":24},"end":{"line":21,"column":59}},"3":{"start":{"line":22,"column":8},"end":{"line":22,"column":28}},"4":{"start":{"line":23,"column":8},"end":{"line":23,"column":22}},"5":{"start":{"line":27,"column":8},"end":{"line":27,"column":58}},"6":{"start":{"line":27,"column":46},"end":{"line":27,"column":58}},"7":{"start":{"line":29,"column":22},"end":{"line":29,"column":31}},"8":{"start":{"line":30,"column":8},"end":{"line":32,"column":9}},"9":{"start":{"line":30,"column":21},"end":{"line":30,"column":22}},"10":{"start":{"line":31,"column":12},"end":{"line":31,"column":35}},"11":{"start":{"line":33,"column":8},"end":{"line":33,"column":23}},"12":{"start":{"line":37,"column":21},"end":{"line":37,"column":23}},"13":{"start":{"line":38,"column":22},"end":{"line":38,"column":31}},"14":{"start":{"line":39,"column":8},"end":{"line":42,"column":9}},"15":{"start":{"line":40,"column":12},"end":{"line":40,"column":51}},"16":{"start":{"line":41,"column":12},"end":{"line":41,"column":35}},"17":{"start":{"line":43,"column":8},"end":{"line":43,"column":37}},"18":{"start":{"line":47,"column":30},"end":{"line":47,"column":43}},"19":{"start":{"line":49,"column":8},"end":{"line":51,"column":9}},"20":{"start":{"line":50,"column":12},"end":{"line":50,"column":24}},"21":{"start":{"line":53,"column":8},"end":{"line":53,"column":78}},"22":{"start":{"line":54,"column":23},"end":{"line":54,"column":49}},"23":{"start":{"line":56,"column":33},"end":{"line":56,"column":55}},"24":{"start":{"line":57,"column":22},"end":{"line":57,"column":71}},"25":{"start":{"line":58,"column":8},"end":{"line":58,"column":32}},"26":{"start":{"line":59,"column":8},"end":{"line":59,"column":42}},"27":{"start":{"line":60,"column":8},"end":{"line":60,"column":58}},"28":{"start":{"line":61,"column":8},"end":{"line":61,"column":21}},"29":{"start":{"line":65,"column":25},"end":{"line":65,"column":51}},"30":{"start":{"line":66,"column":28},"end":{"line":66,"column":50}},"31":{"start":{"line":67,"column":24},"end":{"line":67,"column":66}},"32":{"start":{"line":68,"column":8},"end":{"line":68,"column":32}},"33":{"start":{"line":69,"column":8},"end":{"line":69,"column":35}},"34":{"start":{"line":70,"column":8},"end":{"line":70,"column":21}},"35":{"start":{"line":76,"column":8},"end":{"line":76,"column":62}},"36":{"start":{"line":77,"column":8},"end":{"line":77,"column":25}},"37":{"start":{"line":78,"column":8},"end":{"line":78,"column":25}},"38":{"start":{"line":82,"column":0},"end":{"line":89,"column":2}},"39":{"start":{"line":83,"column":15},"end":{"line":83,"column":31}},"40":{"start":{"line":84,"column":4},"end":{"line":87,"column":5}},"41":{"start":{"line":84,"column":17},"end":{"line":84,"column":34}},"42":{"start":{"line":85,"column":8},"end":{"line":85,"column":35}},"43":{"start":{"line":86,"column":8},"end":{"line":86,"column":27}},"44":{"start":{"line":88,"column":4},"end":{"line":88,"column":14}},"45":{"start":{"line":91,"column":0},"end":{"line":94,"column":2}},"46":{"start":{"line":92,"column":4},"end":{"line":92,"column":34}},"47":{"start":{"line":93,"column":4},"end":{"line":93,"column":14}},"48":{"start":{"line":96,"column":0},"end":{"line":96,"column":28}}},"fnMap":{"0":{"name":"(anonymous_0)","decl":{"start":{"line":2,"column":4},"end":{"line":2,"column":5}},"loc":{"start":{"line":2,"column":19},"end":{"line":5,"column":5}},"line":2},"1":{"name":"(anonymous_1)","decl":{"start":{"line":20,"column":4},"end":{"line":20,"column":5}},"loc":{"start":{"line":20,"column":24},"end":{"line":24,"column":5}},"line":20},"2":{"name":"(anonymous_2)","decl":{"start":{"line":26,"column":4},"end":{"line":26,"column":5}},"loc":{"start":{"line":26,"column":23},"end":{"line":34,"column":5}},"line":26},"3":{"name":"(anonymous_3)","decl":{"start":{"line":36,"column":4},"end":{"line":36,"column":5}},"loc":{"start":{"line":36,"column":13},"end":{"line":44,"column":5}},"line":36},"4":{"name":"(anonymous_4)","decl":{"start":{"line":46,"column":4},"end":{"line":46,"column":5}},"loc":{"start":{"line":46,"column":41},"end":{"line":62,"column":5}},"line":46},"5":{"name":"(anonymous_5)","decl":{"start":{"line":64,"column":4},"end":{"line":64,"column":5}},"loc":{"start":{"line":64,"column":32},"end":{"line":71,"column":5}},"line":64},"6":{"name":"(anonymous_6)","decl":{"start":{"line":75,"column":4},"end":{"line":75,"column":5}},"loc":{"start":{"line":75,"column":33},"end":{"line":79,"column":5}},"line":75},"7":{"name":"(anonymous_7)","decl":{"start":{"line":82,"column":24},"end":{"line":82,"column":25}},"loc":{"start":{"line":82,"column":45},"end":{"line":89,"column":1}},"line":82},"8":{"name":"(anonymous_8)","decl":{"start":{"line":91,"column":24},"end":{"line":91,"column":25}},"loc":{"start":{"line":91,"column":51},"end":{"line":94,"column":1}},"line":91}},"branchMap":{"0":{"loc":{"start":{"line":27,"column":8},"end":{"line":27,"column":58}},"type":"if","locations":[{"start":{"line":27,"column":8},"end":{"line":27,"column":58}},{"start":{},"end":{}}],"line":27},"1":{"loc":{"start":{"line":27,"column":12},"end":{"line":27,"column":44}},"type":"binary-expr","locations":[{"start":{"line":27,"column":12},"end":{"line":27,"column":21}},{"start":{"line":27,"column":25},"end":{"line":27,"column":44}}],"line":27},"2":{"loc":{"start":{"line":49,"column":8},"end":{"line":51,"column":9}},"type":"if","locations":[{"start":{"line":49,"column":8},"end":{"line":51,"column":9}},{"start":{},"end":{}}],"line":49},"3":{"loc":{"start":{"line":49,"column":12},"end":{"line":49,"column":38}},"type":"binary-expr","locations":[{"start":{"line":49,"column":12},"end":{"line":49,"column":21}},{"start":{"line":49,"column":25},"end":{"line":49,"column":38}}],"line":49}},"s":{"0":3,"1":3,"2":6,"3":6,"4":6,"5":3,"6":0,"7":3,"8":3,"9":3,"10":1,"11":3,"12":1,"13":1,"14":1,"15":3,"16":3,"17":1,"18":0,"19":0,"20":0,"21":0,"22":0,"23":0,"24":0,"25":0,"26":0,"27":0,"28":0,"29":1,"30":1,"31":1,"32":1,"33":1,"34":1,"35":7,"36":7,"37":7,"38":1,"39":2,"40":2,"41":2,"42":4,"43":4,"44":2,"45":1,"46":0,"47":0,"48":1},"f":{"0":3,"1":6,"2":3,"3":1,"4":0,"5":1,"6":7,"7":2,"8":0},"b":{"0":[0,3],"1":[3,3],"2":[0,0],"3":[0,0]},"_coverageSchema":"1a1c01bbd47fc00a2c39e90264f33305004495a9","hash":"7b3650626ed682ef6e8635895dc00d29f3a37205"}
}
