TN:
SF:datastructure/linkedlist.js
FN:2,(anonymous_0)
FN:20,(anonymous_1)
FN:26,(anonymous_2)
FN:36,(anonymous_3)
FN:46,(anonymous_4)
FN:64,(anonymous_5)
FN:75,(anonymous_6)
FN:82,(anonymous_7)
FN:91,(anonymous_8)
FNF:9
FNH:7
FNDA:3,(anonymous_0)
FNDA:6,(anonymous_1)
FNDA:3,(anonymous_2)
FNDA:1,(anonymous_3)
FNDA:0,(anonymous_4)
FNDA:1,(anonymous_5)
FNDA:7,(anonymous_6)
FNDA:2,(anonymous_7)
FNDA:0,(anonymous_8)
DA:3,3
DA:4,3
DA:21,6
DA:22,6
DA:23,6
DA:27,3
DA:29,3
DA:30,3
DA:31,1
DA:33,3
DA:37,1
DA:38,1
DA:39,1
DA:40,3
DA:41,3
DA:43,1
DA:47,0
DA:49,0
DA:50,0
DA:53,0
DA:54,0
DA:56,0
DA:57,0
DA:58,0
DA:59,0
DA:60,0
DA:61,0
DA:65,1
DA:66,1
DA:67,1
DA:68,1
DA:69,1
DA:70,1
DA:76,7
DA:77,7
DA:78,7
DA:82,1
DA:83,2
DA:84,2
DA:85,4
DA:86,4
DA:88,2
DA:91,1
DA:92,0
DA:93,0
DA:96,1
LF:46
LH:33
BRDA:27,0,0,0
BRDA:27,0,1,3
BRDA:27,1,0,3
BRDA:27,1,1,3
BRDA:49,2,0,0
BRDA:49,2,1,0
BRDA:49,3,0,0
BRDA:49,3,1,0
BRF:8
BRH:3
end_of_record
